[www.massaliachefprive.com/chef-a-domicile-traiteur.html]
[static.wixstatic.com/media/d01ef7_9232504c8d7e4f7e832d3e2ecfc0a4b2_mv2.png/v1/fill/w_192,h_192,lg_1,usm_0.66_1.00_0.01/d01ef7_9232504c8d7e4f7e832d3e2ecfc0a4b2_mv2.png]
[static.wixstatic.com/media/d01ef7_9232504c8d7e4f7e832d3e2ecfc0a4b2_mv2.png/v1/fill/w_32,h_32,lg_1,usm_0.66_1.00_0.01/d01ef7_9232504c8d7e4f7e832d3e2ecfc0a4b2_mv2.png]
[static.wixstatic.com/media/d01ef7_9232504c8d7e4f7e832d3e2ecfc0a4b2_mv2.png/v1/fill/w_180,h_180,lg_1,usm_0.66_1.00_0.01/d01ef7_9232504c8d7e4f7e832d3e2ecfc0a4b2_mv2.png]
[backblue.gif]
[fade.gif]
[index.html]
[static.parastorage.com/unpkg/@formatjs/intl-segmenter@11.7.10/polyfill.iife.js]
[www.massaliachefprive.com/en/chef-a-domicile-traiteur.html]
[static.wixstatic.com/media/d01ef7_a6a39d71d7ae4cae8f8a64819b8a4140_mv2.jpg/v1/fill/w_288,h_192,al_c,q_80,usm_0.66_1.00_0.01,blur_2,enc_avif,quality_auto/d01ef7_a6a39d71d7ae4cae8f8a64819b8a4140_mv2.jpg]
[static.wixstatic.com/media/d01ef7_7c94ebef8ada41db99dcb6ca6c54d888_mv2.png/v1/crop/x_313,y_77,w_448,h_381/fill/w_71,h_61,al_c,q_85,usm_0.66_1.00_0.01,enc_avif/d01ef7_7c94ebef8ada41db99dcb6ca6c54d888_mv2.png]
[static.wixstatic.com/media/d01ef7_7c94ebef8ada41db99dcb6ca6c54d888_mv2.png/v1/crop/x_8,y_440,w_1043,h_272/fill/w_145,h_40,al_c,q_85,usm_0.66_1.00_0.01,enc_avi/d01ef7_7c94ebef8ada41db99dcb6ca6c54d888_mv2.png]
[static.wixstatic.com/media/d01ef7_1c9f4b153f6149a8a0ffb11512003d76_mv2.jpg/v1/fill/w_276,h_365,al_c,q_80,usm_0.66_1.00_0.01,enc_avif,quality_auto/d01ef7_1c9f4b153f6149a8a0ffb11512003d76_mv2.jpg]
[static.wixstatic.com/media/d01ef7_33a9d9b0ae8941df8532bb2c264ef167_mv2.jpg/v1/fill/w_276,h_365,al_c,q_80,usm_0.66_1.00_0.01,enc_avif,quality_auto/d01ef7_33a9d9b0ae8941df8532bb2c264ef167_mv2.jpg]
[static.wixstatic.com/media/d01ef7_64dbdcf207794bc78eb7e3c52e471ee3_mv2.jpg/v1/fill/w_278,h_414,al_c,q_80,usm_0.66_1.00_0.01,enc_avif,quality_auto/d01ef7_64dbdcf207794bc78eb7e3c52e471ee3_mv2.jpg]
[static.wixstatic.com/media/d01ef7_d5a14c1ddc9c4b6ebbf2d035967ce1e0_mv2.jpg/v1/fill/w_311,h_414,al_c,q_80,usm_0.66_1.00_0.01,enc_avif,quality_auto/d01ef7_d5a14c1ddc9c4b6ebbf2d035967ce1e0_mv2.jpg]
[static.wixstatic.com/media/d01ef7_7c84ba839a6447ccaf9dbb7acd9f3f6f_mv2.jpg/v1/fill/w_100,h_134,al_c,q_80,usm_0.66_1.00_0.01,blur_2,enc_avif,quality_auto/d01ef7_7c84ba839a6447ccaf9dbb7acd9f3f6f_mv2.jpg]
[static.wixstatic.com/media/d01ef7_757ba7c5aebd4d519edf04ad060a0f39_mv2.png/v1/fill/w_239,h_185,al_c,q_85,usm_0.66_1.00_0.01,enc_avif,quality_auto/d01ef7_757ba7c5aebd4d519edf04ad060a0f39_mv2.png]
[static.wixstatic.com/media/d01ef7_384ab7a3d8324891931b102e5045827e_mv2.jpg/v1/fill/w_86,h_115,al_c,q_80,usm_0.66_1.00_0.01,blur_2,enc_avif,quality_auto/d01ef7_384ab7a3d8324891931b102e5045827e_mv2.jpg]
[static.wixstatic.com/media/d01ef7_ef6e382f585441ccadb2b2ab7631d483_mv2.jpg/v1/fill/w_77,h_115,al_c,q_80,usm_0.66_1.00_0.01,blur_2,enc_avif,quality_auto/d01ef7_ef6e382f585441ccadb2b2ab7631d483_mv2.jpg]
[static.wixstatic.com/media/d01ef7_74e495ee29aa4f31b00172015e383f01_mv2.jpg/v1/fill/w_86,h_115,al_c,q_80,usm_0.66_1.00_0.01,blur_2,enc_avif,quality_auto/d01ef7_74e495ee29aa4f31b00172015e383f01_mv2.jpg]
[static.wixstatic.com/media/d01ef7_78963ba64d0e49229b8726d25d898088_mv2.jpg/v1/fill/w_86,h_115,al_c,q_80,usm_0.66_1.00_0.01,blur_2,enc_avif,quality_auto/d01ef7_78963ba64d0e49229b8726d25d898088_mv2.jpg]
[static.wixstatic.com/media/d01ef7_99afb6db7cf1461cb89f110160f432ca_mv2.jpg/v1/fill/w_86,h_115,al_c,q_80,usm_0.66_1.00_0.01,blur_2,enc_avif,quality_auto/d01ef7_99afb6db7cf1461cb89f110160f432ca_mv2.jpg]
[static.wixstatic.com/media/d01ef7_90a7aae7083a48bbadbd85edb385b140_mv2.jpg/v1/fill/w_73,h_76,al_c,q_80,usm_0.66_1.00_0.01,blur_2,enc_avif,quality_auto/d01ef7_90a7aae7083a48bbadbd85edb385b140_mv2.jpg]
[static.wixstatic.com/media/d01ef7_d28cf563c4444d1eb11200bf7973d440_mv2.jpg/v1/fill/w_467,h_281,al_c,q_80,usm_0.66_1.00_0.01,enc_avif,quality_auto/traiteur_marseille_haut_de_game.jpg]
[static.wixstatic.com/media/d01ef7_90a7aae7083a48bbadbd85edb385b140_mv2.jpg/v1/fill/w_147,h_153,al_c,q_80,usm_0.66_1.00_0.01,blur_2,enc_avif,quality_auto/d01ef7_90a7aae7083a48bbadbd85edb385b140_mv2.jpg]
